Program returned: 0
Program stdout
All accounts before interest calculation:
Account Number: 1000, Name: AccountHolder1, Balance: Rs. 55338.00
Account Number: 1001, Name: AccountHolder2, Balance: Rs. 71618.00
Account Number: 1002, Name: AccountHolder3, Balance: Rs. 33671.00
Account Number: 1003, Name: AccountHolder4, Balance: Rs. 32740.00
Account Number: 1004, Name: AccountHolder5, Balance: Rs. 42137.00
Account Number: 1005, Name: AccountHolder6, Balance: Rs. 85100.00
Account Number: 1006, Name: AccountHolder7, Balance: Rs. 88001.00
Account Number: 1007, Name: AccountHolder8, Balance: Rs. 68838.00
Account Number: 1008, Name: AccountHolder9, Balance: Rs. 70910.00
Account Number: 1009, Name: AccountHolder10, Balance: Rs. 78434.00
Account Number: 1010, Name: AccountHolder11, Balance: Rs. 73180.00
Account Number: 1011, Name: AccountHolder12, Balance: Rs. 36321.00
Account Number: 1012, Name: AccountHolder13, Balance: Rs. 72073.00
Account Number: 1013, Name: AccountHolder14, Balance: Rs. 22065.00
Account Number: 1014, Name: AccountHolder15, Balance: Rs. 88725.00
Account Number: 1015, Name: AccountHolder16, Balance: Rs. 91158.00
Account Number: 1016, Name: AccountHolder17, Balance: Rs. 94181.00
Account Number: 1017, Name: AccountHolder18, Balance: Rs. 71690.00
Account Number: 1018, Name: AccountHolder19, Balance: Rs. 90759.00
Account Number: 1019, Name: AccountHolder20, Balance: Rs. 32759.00
Account Number: 1020, Name: AccountHolder21, Balance: Rs. 55021.00
Account Number: 1021, Name: AccountHolder22, Balance: Rs. 57160.00
Account Number: 1022, Name: AccountHolder23, Balance: Rs. 91326.00
Account Number: 1023, Name: AccountHolder24, Balance: Rs. 52177.00
Account Number: 1024, Name: AccountHolder25, Balance: Rs. 13215.00
Account Number: 1025, Name: AccountHolder26, Balance: Rs. 21361.00
Account Number: 1026, Name: AccountHolder27, Balance: Rs. 11827.00
Account Number: 1027, Name: AccountHolder28, Balance: Rs. 72660.00
Account Number: 1028, Name: AccountHolder29, Balance: Rs. 76476.00
Account Number: 1029, Name: AccountHolder30, Balance: Rs. 48294.00
Account Number: 1030, Name: AccountHolder31, Balance: Rs. 49212.00
Account Number: 1031, Name: AccountHolder32, Balance: Rs. 77857.00
Account Number: 1032, Name: AccountHolder33, Balance: Rs. 19911.00
Account Number: 1033, Name: AccountHolder34, Balance: Rs. 28926.00
Account Number: 1034, Name: AccountHolder35, Balance: Rs. 10597.00
Account Number: 1035, Name: AccountHolder36, Balance: Rs. 8091.00
Account Number: 1036, Name: AccountHolder37, Balance: Rs. 60069.00
Account Number: 1037, Name: AccountHolder38, Balance: Rs. 44641.00
Account Number: 1038, Name: AccountHolder39, Balance: Rs. 75930.00
Account Number: 1039, Name: AccountHolder40, Balance: Rs. 30978.00
Account Number: 1040, Name: AccountHolder41, Balance: Rs. 23075.00
Account Number: 1041, Name: AccountHolder42, Balance: Rs. 95153.00
Account Number: 1042, Name: AccountHolder43, Balance: Rs. 66299.00
Account Number: 1043, Name: AccountHolder44, Balance: Rs. 94148.00
Account Number: 1044, Name: AccountHolder45, Balance: Rs. 17218.00
Account Number: 1045, Name: AccountHolder46, Balance: Rs. 2067.00
Account Number: 1046, Name: AccountHolder47, Balance: Rs. 32348.00
Account Number: 1047, Name: AccountHolder48, Balance: Rs. 57442.00
Account Number: 1048, Name: AccountHolder49, Balance: Rs. 72757.00
Account Number: 1049, Name: AccountHolder50, Balance: Rs. 23106.00
Account Number: 1050, Name: AccountHolder51, Balance: Rs. 36244.00
Account Number: 1051, Name: AccountHolder52, Balance: Rs. 73822.00
Account Number: 1052, Name: AccountHolder53, Balance: Rs. 26310.00
Account Number: 1053, Name: AccountHolder54, Balance: Rs. 27569.00
Account Number: 1054, Name: AccountHolder55, Balance: Rs. 25998.00
Account Number: 1055, Name: AccountHolder56, Balance: Rs. 38525.00
Account Number: 1056, Name: AccountHolder57, Balance: Rs. 93974.00
Account Number: 1057, Name: AccountHolder58, Balance: Rs. 82869.00
Account Number: 1058, Name: AccountHolder59, Balance: Rs. 11184.00
Account Number: 1059, Name: AccountHolder60, Balance: Rs. 70449.00
Account Number: 1060, Name: AccountHolder61, Balance: Rs. 31162.00
Account Number: 1061, Name: AccountHolder62, Balance: Rs. 6439.00
Account Number: 1062, Name: AccountHolder63, Balance: Rs. 48306.00
Account Number: 1063, Name: AccountHolder64, Balance: Rs. 96117.00
Account Number: 1064, Name: AccountHolder65, Balance: Rs. 34365.00
Account Number: 1065, Name: AccountHolder66, Balance: Rs. 57903.00
Account Number: 1066, Name: AccountHolder67, Balance: Rs. 4207.00
Account Number: 1067, Name: AccountHolder68, Balance: Rs. 93435.00
Account Number: 1068, Name: AccountHolder69, Balance: Rs. 2543.00
Account Number: 1069, Name: AccountHolder70, Balance: Rs. 26180.00
Account Number: 1070, Name: AccountHolder71, Balance: Rs. 24412.00
Account Number: 1071, Name: AccountHolder72, Balance: Rs. 70662.00
Account Number: 1072, Name: AccountHolder73, Balance: Rs. 21333.00
Account Number: 1073, Name: AccountHolder74, Balance: Rs. 36755.00
Account Number: 1074, Name: AccountHolder75, Balance: Rs. 11852.00
Account Number: 1075, Name: AccountHolder76, Balance: Rs. 83595.00
Account Number: 1076, Name: AccountHolder77, Balance: Rs. 37822.00
Account Number: 1077, Name: AccountHolder78, Balance: Rs. 43200.00
Account Number: 1078, Name: AccountHolder79, Balance: Rs. 87080.00
Account Number: 1079, Name: AccountHolder80, Balance: Rs. 56622.00
Account Number: 1080, Name: AccountHolder81, Balance: Rs. 12350.00
Account Number: 1081, Name: AccountHolder82, Balance: Rs. 23324.00
Account Number: 1082, Name: AccountHolder83, Balance: Rs. 76487.00
Account Number: 1083, Name: AccountHolder84, Balance: Rs. 37660.00
Account Number: 1084, Name: AccountHolder85, Balance: Rs. 95937.00
Account Number: 1085, Name: AccountHolder86, Balance: Rs. 2484.00
Account Number: 1086, Name: AccountHolder87, Balance: Rs. 75185.00
Account Number: 1087, Name: AccountHolder88, Balance: Rs. 89911.00
Account Number: 1088, Name: AccountHolder89, Balance: Rs. 31396.00
Account Number: 1089, Name: AccountHolder90, Balance: Rs. 32412.00
Account Number: 1090, Name: AccountHolder91, Balance: Rs. 7402.00
Account Number: 1091, Name: AccountHolder92, Balance: Rs. 61558.00
Account Number: 1092, Name: AccountHolder93, Balance: Rs. 37852.00
Account Number: 1093, Name: AccountHolder94, Balance: Rs. 54708.00
Account Number: 1094, Name: AccountHolder95, Balance: Rs. 4717.00
Account Number: 1095, Name: AccountHolder96, Balance: Rs. 18260.00
Account Number: 1096, Name: AccountHolder97, Balance: Rs. 58654.00
Account Number: 1097, Name: AccountHolder98, Balance: Rs. 7925.00
Account Number: 1098, Name: AccountHolder99, Balance: Rs. 11694.00
Account Number: 1099, Name: AccountHolder100, Balance: Rs. 7241.00
Total interest paid to all accounts: Rs. 239856.55
All accounts after interest calculation:
Account Number: 1000, Name: AccountHolder1, Balance: Rs. 58104.90
Account Number: 1001, Name: AccountHolder2, Balance: Rs. 75198.90
Account Number: 1002, Name: AccountHolder3, Balance: Rs. 35354.55
Account Number: 1003, Name: AccountHolder4, Balance: Rs. 34377.00
Account Number: 1004, Name: AccountHolder5, Balance: Rs. 44243.85
Account Number: 1005, Name: AccountHolder6, Balance: Rs. 89355.00
Account Number: 1006, Name: AccountHolder7, Balance: Rs. 92401.05
Account Number: 1007, Name: AccountHolder8, Balance: Rs. 72279.90
Account Number: 1008, Name: AccountHolder9, Balance: Rs. 74455.50
Account Number: 1009, Name: AccountHolder10, Balance: Rs. 82355.70
Account Number: 1010, Name: AccountHolder11, Balance: Rs. 76839.00
Account Number: 1011, Name: AccountHolder12, Balance: Rs. 38137.05
Account Number: 1012, Name: AccountHolder13, Balance: Rs. 75676.65
Account Number: 1013, Name: AccountHolder14, Balance: Rs. 23168.25
Account Number: 1014, Name: AccountHolder15, Balance: Rs. 93161.25
Account Number: 1015, Name: AccountHolder16, Balance: Rs. 95715.90
Account Number: 1016, Name: AccountHolder17, Balance: Rs. 98890.05
Account Number: 1017, Name: AccountHolder18, Balance: Rs. 75274.50
Account Number: 1018, Name: AccountHolder19, Balance: Rs. 95296.95
Account Number: 1019, Name: AccountHolder20, Balance: Rs. 34396.95
Account Number: 1020, Name: AccountHolder21, Balance: Rs. 57772.05
Account Number: 1021, Name: AccountHolder22, Balance: Rs. 60018.00
Account Number: 1022, Name: AccountHolder23, Balance: Rs. 95892.30
Account Number: 1023, Name: AccountHolder24, Balance: Rs. 54785.85
Account Number: 1024, Name: AccountHolder25, Balance: Rs. 13875.75
Account Number: 1025, Name: AccountHolder26, Balance: Rs. 22429.05
Account Number: 1026, Name: AccountHolder27, Balance: Rs. 12418.35
Account Number: 1027, Name: AccountHolder28, Balance: Rs. 76293.00
Account Number: 1028, Name: AccountHolder29, Balance: Rs. 80299.80
Account Number: 1029, Name: AccountHolder30, Balance: Rs. 50708.70
Account Number: 1030, Name: AccountHolder31, Balance: Rs. 51672.60
Account Number: 1031, Name: AccountHolder32, Balance: Rs. 81749.85
Account Number: 1032, Name: AccountHolder33, Balance: Rs. 20906.55
Account Number: 1033, Name: AccountHolder34, Balance: Rs. 30372.30
Account Number: 1034, Name: AccountHolder35, Balance: Rs. 11126.85
Account Number: 1035, Name: AccountHolder36, Balance: Rs. 8495.55
Account Number: 1036, Name: AccountHolder37, Balance: Rs. 63072.45
Account Number: 1037, Name: AccountHolder38, Balance: Rs. 46873.05
Account Number: 1038, Name: AccountHolder39, Balance: Rs. 79726.50
Account Number: 1039, Name: AccountHolder40, Balance: Rs. 32526.90
Account Number: 1040, Name: AccountHolder41, Balance: Rs. 24228.75
Account Number: 1041, Name: AccountHolder42, Balance: Rs. 99910.65
Account Number: 1042, Name: AccountHolder43, Balance: Rs. 69613.95
Account Number: 1043, Name: AccountHolder44, Balance: Rs. 98855.40
Account Number: 1044, Name: AccountHolder45, Balance: Rs. 18078.90
Account Number: 1045, Name: AccountHolder46, Balance: Rs. 2170.35
Account Number: 1046, Name: AccountHolder47, Balance: Rs. 33965.40
Account Number: 1047, Name: AccountHolder48, Balance: Rs. 60314.10
Account Number: 1048, Name: AccountHolder49, Balance: Rs. 76394.85
Account Number: 1049, Name: AccountHolder50, Balance: Rs. 24261.30
Account Number: 1050, Name: AccountHolder51, Balance: Rs. 38056.20
Account Number: 1051, Name: AccountHolder52, Balance: Rs. 77513.10
Account Number: 1052, Name: AccountHolder53, Balance: Rs. 27625.50
Account Number: 1053, Name: AccountHolder54, Balance: Rs. 28947.45
Account Number: 1054, Name: AccountHolder55, Balance: Rs. 27297.90
Account Number: 1055, Name: AccountHolder56, Balance: Rs. 40451.25
Account Number: 1056, Name: AccountHolder57, Balance: Rs. 98672.70
Account Number: 1057, Name: AccountHolder58, Balance: Rs. 87012.45
Account Number: 1058, Name: AccountHolder59, Balance: Rs. 11743.20
Account Number: 1059, Name: AccountHolder60, Balance: Rs. 73971.45
Account Number: 1060, Name: AccountHolder61, Balance: Rs. 32720.10
Account Number: 1061, Name: AccountHolder62, Balance: Rs. 6760.95
Account Number: 1062, Name: AccountHolder63, Balance: Rs. 50721.30
Account Number: 1063, Name: AccountHolder64, Balance: Rs. 100922.85
Account Number: 1064, Name: AccountHolder65, Balance: Rs. 36083.25
Account Number: 1065, Name: AccountHolder66, Balance: Rs. 60798.15
Account Number: 1066, Name: AccountHolder67, Balance: Rs. 4417.35
Account Number: 1067, Name: AccountHolder68, Balance: Rs. 98106.75
Account Number: 1068, Name: AccountHolder69, Balance: Rs. 2670.15
Account Number: 1069, Name: AccountHolder70, Balance: Rs. 27489.00
Account Number: 1070, Name: AccountHolder71, Balance: Rs. 25632.60
Account Number: 1071, Name: AccountHolder72, Balance: Rs. 74195.10
Account Number: 1072, Name: AccountHolder73, Balance: Rs. 22399.65
Account Number: 1073, Name: AccountHolder74, Balance: Rs. 38592.75
Account Number: 1074, Name: AccountHolder75, Balance: Rs. 12444.60
Account Number: 1075, Name: AccountHolder76, Balance: Rs. 87774.75
Account Number: 1076, Name: AccountHolder77, Balance: Rs. 39713.10
Account Number: 1077, Name: AccountHolder78, Balance: Rs. 45360.00
Account Number: 1078, Name: AccountHolder79, Balance: Rs. 91434.00
Account Number: 1079, Name: AccountHolder80, Balance: Rs. 59453.10
Account Number: 1080, Name: AccountHolder81, Balance: Rs. 12967.50
Account Number: 1081, Name: AccountHolder82, Balance: Rs. 24490.20
Account Number: 1082, Name: AccountHolder83, Balance: Rs. 80311.35
Account Number: 1083, Name: AccountHolder84, Balance: Rs. 39543.00
Account Number: 1084, Name: AccountHolder85, Balance: Rs. 100733.85
Account Number: 1085, Name: AccountHolder86, Balance: Rs. 2608.20
Account Number: 1086, Name: AccountHolder87, Balance: Rs. 78944.25
Account Number: 1087, Name: AccountHolder88, Balance: Rs. 94406.55
Account Number: 1088, Name: AccountHolder89, Balance: Rs. 32965.80
Account Number: 1089, Name: AccountHolder90, Balance: Rs. 34032.60
Account Number: 1090, Name: AccountHolder91, Balance: Rs. 7772.10
Account Number: 1091, Name: AccountHolder92, Balance: Rs. 64635.90
Account Number: 1092, Name: AccountHolder93, Balance: Rs. 39744.60
Account Number: 1093, Name: AccountHolder94, Balance: Rs. 57443.40
Account Number: 1094, Name: AccountHolder95, Balance: Rs. 4952.85
Account Number: 1095, Name: AccountHolder96, Balance: Rs. 19173.00
Account Number: 1096, Name: AccountHolder97, Balance: Rs. 61586.70
Account Number: 1097, Name: AccountHolder98, Balance: Rs. 8321.25
Account Number: 1098, Name: AccountHolder99, Balance: Rs. 12278.70
Account Number: 1099, Name: AccountHolder100, Balance: Rs. 7603.05
